  In function 'InitPeripheralsAndHandlers':
  In function 'initI2c':
i2c.c(413,31): warning : suggest parentheses around comparison in operand of '==' [-Wparentheses]
i2c.c(413,31): warning :   } while (angular_rate_dps[0] == angular_rate_dps[1] == angular_rate_dps[2] == 0.0);
i2c.c(413,31): warning :            ~~~~~~~~~~~~~~~~~~~~^~~~~~~~~~~~~~~~~~~~~~
i2c.c(413,54): warning : suggest parentheses around comparison in operand of '==' [-Wparentheses]
i2c.c(413,54): warning :   } while (angular_rate_dps[0] == angular_rate_dps[1] == angular_rate_dps[2] == 0.0);
i2c.c(413,54): warning :            ~~~~~~~~~~~~~~~~~~~~~~~~~~~~~~~~~~~~~~~~~~~^~~~~~~~~~~~~~~~~~~~~~
  In function 'lsm6dso_read_lps22hh_cx':
main.c(111,50): warning : passing argument 7 of 'open_lcdmini' from incompatible pointer type [-Wincompatible-pointer-types]
main.c(111,50): warning :   open_lcdmini(init, cs1, cs2, rst, fpwm, spi_tx, delay_us);
main.c(111,50): warning :                                                   ^~~~~~~~
  
i2c.c(658,42): warning : passing argument 2 of 'lsm6dso_sh_read_data_raw_get' from incompatible pointer type [-Wincompatible-pointer-types]
i2c.c(658,42): warning :    lsm6dso_sh_read_data_raw_get(&dev_ctx, buffer);
i2c.c(658,42): warning :                                           ^~~~~~
  
..\..\..\clickmodules\LCDMINI/lcdmini.h(81,8): message : expected 'void (*)(uint16_t)' {aka 'void (*)(short unsigned int)'} but argument is of type 'void (*)(uint32_t)' {aka 'void (*)(unsigned int)'}
..\..\..\clickmodules\LCDMINI/lcdmini.h(81,8): message :   void(*delay_us)(uint16_t));
..\..\..\clickmodules\LCDMINI/lcdmini.h(81,8): message :   ~~~~~~^~~~~~~~~~~~~~~~~~~
lsm6dso_reg.h(2608,61): message : expected 'lsm6dso_emb_sh_read_t *' {aka 'struct <anonymous> *'} but argument is of type 'uint8_t *' {aka 'unsigned char *'}
lsm6dso_reg.h(2608,61): message :                                       lsm6dso_emb_sh_read_t *val);
lsm6dso_reg.h(2608,61): message :                                       ~~~~~~~~~~~~~~~~~~~~~~~^~~
  Azure Sphere Utility version 19.5.4.53731
  Copyright (C) Microsoft Corporation. All rights reserved.
   
  Start time (UTC): Thursday, 11 July 2019 21:06:20 
  verbose: Creating image package. 
  verbose: Azure Sphere application image package written. 
  verbose: Appending metadata. 
  verbose: Wrote metadata:
    Section: Identity
      Image Type:           Application
      Component ID:         38a5ca47-c21e-4b5b-a111-2510da1e3dd3
      Image ID:             8a07ab6c-67de-45f1-8220-fb57871aadd2
    Section: Signature
      Signing Type:         ECDsa256
      Cert:                 a8d5cc6958f48710140d7a26160fc1cfc31f5df0
    Section: Debug
      Image Name:           LCDmini_demo
      Built On (UTC):       7/11/2019 9:06:21 PM
      Built On (Local):     7/11/2019 5:06:21 PM
    Section: Temporary Image
      Remove image at boot: False
      Under development:    True
    Section: ABI Depends
      Depends on:           ApplicationRuntime, version 2
   
  verbose: Packaging completed successfully. 
  verbose: Output file is at: C:\Users\jflynn129_w10\source\repos\clickboard_demos\SPHERE_MT3620\LCDmini_demo\LCDmini_demo\bin\ARM\Debug\LCDmini_demo.imagepackage 
  Command completed successfully in 00:00:00.4983375. 
